<?xml version="1.0" encoding="UTF-8"?>
<testsuite name="MyDemo1"
           tests="3"
           failures="1"
           errors="0"
           skipped="0"
           time="22.819">
  <properties />
            <testcase name="ValidateEmailAddressProTest" time="21.843" classname="ValidateEmailWebServiceTest">
                <failure type="java.lang.NullPointerException"
                  message="(null)"
              >
<![CDATA[java.lang.NullPointerException
  HttpClientUtil.doGet(HttpClientUtil.java:65)
  ValidateEmailWebServiceTest.ValidateEmailAddressProTest(ValidateEmailWebServiceTest.java:49)
  sun.reflect.NativeMethodAccessorImpl.invoke0(Native Method)
  sun.reflect.NativeMethodAccessorImpl.invoke(NativeMethodAccessorImpl.java:62)
  sun.reflect.DelegatingMethodAccessorImpl.invoke(DelegatingMethodAccessorImpl.java:43)
  java.lang.reflect.Method.invoke(Method.java:498)
  org.testng.internal.MethodInvocationHelper.invokeMethod(MethodInvocationHelper.java:134)
  org.testng.internal.TestInvoker.invokeMethod(TestInvoker.java:597)
  org.testng.internal.TestInvoker.invokeTestMethod(TestInvoker.java:173)
  org.testng.internal.MethodRunner.runInSequence(MethodRunner.java:46)
  org.testng.internal.TestInvoker$MethodInvocationAgent.invoke(TestInvoker.java:816)
  org.testng.internal.TestInvoker.invokeTestMethods(TestInvoker.java:146)
  org.testng.internal.TestMethodWorker.invokeTestMethods(TestMethodWorker.java:146)
  org.testng.internal.TestMethodWorker.run(TestMethodWorker.java:128)
  java.util.concurrent.ThreadPoolExecutor.runWorker(ThreadPoolExecutor.java:1149)
  java.util.concurrent.ThreadPoolExecutor$Worker.run(ThreadPoolExecutor.java:624)
  java.lang.Thread.run(Thread.java:748)
]]>
      </failure>

          </testcase>
  
  
            <testcase name="ValidateEmailAddress" time="0.949" classname="ValidateEmailWebServiceTest" />
                <testcase name="ValidateEmailAddress" time="0.027" classname="ValidateEmailWebServiceTest" />
      
</testsuite>
